{"/Users/alex/Documents/pro/Sherpa/cours/methode-de-developpement/demolive/src/api.js": {"path":"/Users/alex/Documents/pro/Sherpa/cours/methode-de-developpement/demolive/src/api.js","statementMap":{"0":{"start":{"line":1,"column":13},"end":{"line":11,"column":1}},"1":{"start":{"line":2,"column":2},"end":{"line":10,"column":3}},"2":{"start":{"line":3,"column":21},"end":{"line":3,"column":37}},"3":{"start":{"line":5,"column":17},"end":{"line":5,"column":38}},"4":{"start":{"line":7,"column":4},"end":{"line":7,"column":16}},"5":{"start":{"line":9,"column":4},"end":{"line":9,"column":35}},"6":{"start":{"line":13,"column":0},"end":{"line":13,"column":26}}},"fnMap":{"0":{"name":"(anonymous_0)","decl":{"start":{"line":1,"column":13},"end":{"line":1,"column":14}},"loc":{"start":{"line":1,"column":28},"end":{"line":11,"column":1}},"line":1}},"branchMap":{},"s":{"0":1,"1":2,"2":2,"3":1,"4":1,"5":1,"6":1},"f":{"0":2},"b":{},"_coverageSchema":"1a1c01bbd47fc00a2c39e90264f33305004495a9","hash":"22a4e902454b62946c14abe93ac88ee321e273f7"}
,"/Users/alex/Documents/pro/Sherpa/cours/methode-de-developpement/demolive/src/maths.js": {"path":"/Users/alex/Documents/pro/Sherpa/cours/methode-de-developpement/demolive/src/maths.js","statementMap":{"0":{"start":{"line":1,"column":17},"end":{"line":1,"column":53}},"1":{"start":{"line":1,"column":28},"end":{"line":1,"column":53}},"2":{"start":{"line":3,"column":12},"end":{"line":18,"column":1}},"3":{"start":{"line":4,"column":15},"end":{"line":4,"column":16}},"4":{"start":{"line":6,"column":2},"end":{"line":7,"column":61}},"5":{"start":{"line":7,"column":4},"end":{"line":7,"column":61}},"6":{"start":{"line":9,"column":2},"end":{"line":15,"column":5}},"7":{"start":{"line":10,"column":4},"end":{"line":14,"column":5}},"8":{"start":{"line":11,"column":6},"end":{"line":11,"column":47}},"9":{"start":{"line":13,"column":6},"end":{"line":13,"column":18}},"10":{"start":{"line":17,"column":2},"end":{"line":17,"column":16}},"11":{"start":{"line":20,"column":0},"end":{"line":20,"column":25}}},"fnMap":{"0":{"name":"(anonymous_0)","decl":{"start":{"line":1,"column":17},"end":{"line":1,"column":18}},"loc":{"start":{"line":1,"column":28},"end":{"line":1,"column":53}},"line":1},"1":{"name":"(anonymous_1)","decl":{"start":{"line":3,"column":12},"end":{"line":3,"column":13}},"loc":{"start":{"line":3,"column":27},"end":{"line":18,"column":1}},"line":3},"2":{"name":"(anonymous_2)","decl":{"start":{"line":9,"column":17},"end":{"line":9,"column":18}},"loc":{"start":{"line":9,"column":24},"end":{"line":15,"column":3}},"line":9}},"branchMap":{"0":{"loc":{"start":{"line":6,"column":2},"end":{"line":7,"column":61}},"type":"if","locations":[{"start":{"line":6,"column":2},"end":{"line":7,"column":61}},{"start":{},"end":{}}],"line":6},"1":{"loc":{"start":{"line":10,"column":4},"end":{"line":14,"column":5}},"type":"if","locations":[{"start":{"line":10,"column":4},"end":{"line":14,"column":5}},{"start":{"line":12,"column":11},"end":{"line":14,"column":5}}],"line":10}},"s":{"0":1,"1":4,"2":1,"3":4,"4":4,"5":1,"6":3,"7":4,"8":2,"9":2,"10":1,"11":1},"f":{"0":4,"1":4,"2":4},"b":{"0":[1,3],"1":[2,2]},"_coverageSchema":"1a1c01bbd47fc00a2c39e90264f33305004495a9","hash":"dbedf0480c0307b627e83a8a97a1fb0ac1678d70"}
}
